<?xml version="1.0" encoding="UTF-8"?>
<!-- Generated by org.testng.reporters.JUnitXMLReporter -->
<testsuite ignored="0" hostname="DESKTOP-EKHKDOV" failures="0" tests="6" name="Default test" time="14.459" errors="0" timestamp="2021-10-02T11:13:47 EDT">
  <testcase classname="pageObject.searchTest.GoogleSearchTests" name="fakeSearchTest" time="3.67"/>
  <testcase classname="pageObject.searchTest.GoogleSearchTests" name="validSearchTest" time="2.786"/>
  <testcase classname="pageObject.searchTest.GoogleSearchTests" name="visitFirstResultSite" time="2.969"/>
  <testcase classname="pageObject.searchTest.GoogleSearchTests" name="checkResultURL" time="0.011"/>
  <testcase classname="pageObject.searchTest.GoogleSearchTests" name="gsoftPageTestSlide" time="0.127"/>
  <testcase classname="pageObject.searchTest.GoogleSearchTests" name="gsoftPageTestContactForm" time="0.103"/>
</testsuite> <!-- Default test -->
