<?xml version="1.0" encoding="UTF-8"?>
<!-- Generated by org.testng.reporters.JUnitXMLReporter -->
<testsuite ignored="0" hostname="DESKTOP-EKHKDOV" failures="0" tests="7" name="Default test" time="35.043" errors="0" timestamp="2021-10-02T13:33:59 EDT">
  <testcase classname="pageObject.searchTest.GoogleSearchTests" name="fakeSearchTest" time="4.176"/>
  <testcase classname="pageObject.searchTest.GoogleSearchTests" name="validSearchTest" time="5.757"/>
  <testcase classname="pageObject.searchTest.GoogleSearchTests" name="visitFirstResultSite" time="3.702"/>
  <testcase classname="pageObject.searchTest.GoogleSearchTests" name="checkResultURL" time="0.009"/>
  <testcase classname="pageObject.searchTest.GoogleSearchTests" name="gsoftPageTestSlide" time="0.157"/>
  <testcase classname="pageObject.searchTest.GoogleSearchTests" name="gsoftPageTestContactForm" time="0.135"/>
  <testcase classname="pageObject.searchTest.GoogleSearchTests" name="gsoftPageTestContactFormFieldsFill" time="15.803"/>
</testsuite> <!-- Default test -->
