<?xml version="1.0" encoding="UTF-8"?>
<testng-results ignored="0" total="7" passed="7" failed="0" skipped="0">
  <reporter-output>
  </reporter-output>
  <suite started-at="2021-10-02T13:37:58 EDT" name="Default suite" finished-at="2021-10-02T13:38:31 EDT" duration-ms="33115">
    <groups>
    </groups>
    <test started-at="2021-10-02T13:37:58 EDT" name="Default test" finished-at="2021-10-02T13:38:31 EDT" duration-ms="33115">
      <class name="pageObject.searchTest.GoogleSearchTests">
        <test-method is-config="true" signature="setUp()[pri:0, instance:pageObject.searchTest.GoogleSearchTests@4313f5bc]" started-at="2021-10-02T13:37:58 EDT" name="setUp" finished-at="2021-10-02T13:38:04 EDT" duration-ms="5569" status="PASS">
          <reporter-output>
          </reporter-output>
        </test-method> <!-- setUp -->
        <test-method signature="fakeSearchTest()[pri:1, instance:pageObject.searchTest.GoogleSearchTests@4313f5bc]" started-at="2021-10-02T13:38:04 EDT" name="fakeSearchTest" finished-at="2021-10-02T13:38:08 EDT" duration-ms="4438" status="PASS">
          <reporter-output>
          </reporter-output>
        </test-method> <!-- fakeSearchTest -->
        <test-method signature="validSearchTest()[pri:2, instance:pageObject.searchTest.GoogleSearchTests@4313f5bc]" started-at="2021-10-02T13:38:08 EDT" name="validSearchTest" finished-at="2021-10-02T13:38:12 EDT" duration-ms="3626" status="PASS">
          <reporter-output>
          </reporter-output>
        </test-method> <!-- validSearchTest -->
        <test-method signature="visitFirstResultSite()[pri:3, instance:pageObject.searchTest.GoogleSearchTests@4313f5bc]" started-at="2021-10-02T13:38:12 EDT" name="visitFirstResultSite" finished-at="2021-10-02T13:38:15 EDT" duration-ms="2924" status="PASS">
          <reporter-output>
          </reporter-output>
        </test-method> <!-- visitFirstResultSite -->
        <test-method signature="checkResultURL()[pri:4, instance:pageObject.searchTest.GoogleSearchTests@4313f5bc]" started-at="2021-10-02T13:38:15 EDT" name="checkResultURL" finished-at="2021-10-02T13:38:15 EDT" duration-ms="10" status="PASS">
          <reporter-output>
          </reporter-output>
        </test-method> <!-- checkResultURL -->
        <test-method signature="gsoftPageTestSlide()[pri:5, instance:pageObject.searchTest.GoogleSearchTests@4313f5bc]" started-at="2021-10-02T13:38:15 EDT" name="gsoftPageTestSlide" finished-at="2021-10-02T13:38:15 EDT" duration-ms="176" status="PASS">
          <reporter-output>
          </reporter-output>
        </test-method> <!-- gsoftPageTestSlide -->
        <test-method signature="gsoftPageTestContactForm()[pri:6, instance:pageObject.searchTest.GoogleSearchTests@4313f5bc]" started-at="2021-10-02T13:38:15 EDT" name="gsoftPageTestContactForm" finished-at="2021-10-02T13:38:15 EDT" duration-ms="151" status="PASS">
          <reporter-output>
          </reporter-output>
        </test-method> <!-- gsoftPageTestContactForm -->
        <test-method signature="gsoftPageTestContactFormFieldsFill()[pri:7, instance:pageObject.searchTest.GoogleSearchTests@4313f5bc]" started-at="2021-10-02T13:38:15 EDT" name="gsoftPageTestContactFormFieldsFill" finished-at="2021-10-02T13:38:31 EDT" duration-ms="16036" status="PASS">
          <reporter-output>
          </reporter-output>
        </test-method> <!-- gsoftPageTestContactFormFieldsFill -->
        <test-method is-config="true" signature="close()[pri:0, instance:pageObject.searchTest.GoogleSearchTests@4313f5bc]" started-at="2021-10-02T13:38:31 EDT" name="close" finished-at="2021-10-02T13:38:31 EDT" duration-ms="129" status="PASS">
          <reporter-output>
          </reporter-output>
        </test-method> <!-- close -->
      </class> <!-- pageObject.searchTest.GoogleSearchTests -->
    </test> <!-- Default test -->
  </suite> <!-- Default suite -->
</testng-results>
